Change Component Designator: Old Designator=1 New Designator=?
Change Component Designator: Old Designator=2 New Designator=?
Change Component Designator: Old Designator=2H_? New Designator=?
Change Component Designator: Old Designator=2H_? New Designator=?
Change Component Designator: Old Designator=2H_? New Designator=?
Change Component Designator: Old Designator=2H_? New Designator=?
Change Component Designator: Old Designator=2H_? New Designator=?
Change Component Designator: Old Designator=3 New Designator=?
Change Component Designator: Old Designator=Battery1 New Designator=Battery?
Change Component Designator: Old Designator=Battery2 New Designator=Battery?
Change Component Designator: Old Designator=C New Designator=C?
Change Component Designator: Old Designator=C New Designator=C?
Change Component Designator: Old Designator=IA New Designator=IA?
Change Component Designator: Old Designator=J1 New Designator=J?
Change Component Designator: Old Designator=OPAMP New Designator=OPAMP?
Change Component Designator: Old Designator=R New Designator=R?
Change Component Designator: Old Designator=R New Designator=R?
Change Component Designator: Old Designator=R New Designator=R?
Change Component Designator: Old Designator=R New Designator=R?
Change Component Designator: Old Designator=R New Designator=R?
