Change Component Designator: Old Designator=1 New Designator=?
Change Component Designator: Old Designator=2 New Designator=?
Change Component Designator: Old Designator=3 New Designator=?
Change Component Designator: Old Designator=4 New Designator=?
Change Component Designator: Old Designator=5 New Designator=?
Change Component Designator: Old Designator=6 New Designator=?
Change Component Designator: Old Designator=7 New Designator=?
Change Component Designator: Old Designator=8 New Designator=?
Change Component Designator: Old Designator=Battery1 New Designator=Battery?
Change Component Designator: Old Designator=Battery2 New Designator=Battery?
Change Component Designator: Old Designator=C1 New Designator=C?
Change Component Designator: Old Designator=C2 New Designator=C?
Change Component Designator: Old Designator=C New Designator=C?
Change Component Designator: Old Designator=C New Designator=C?
Change Component Designator: Old Designator=C New Designator=C?
Change Component Designator: Old Designator=C New Designator=C?
Change Component Designator: Old Designator=C New Designator=C?
Change Component Designator: Old Designator=C New Designator=C?
Change Component Designator: Old Designator=IA1 New Designator=IA?
Change Component Designator: Old Designator=J1 New Designator=J?
Change Component Designator: Old Designator=OPAMP1 New Designator=OPAMP?
Change Component Designator: Old Designator=OPAMP2 New Designator=OPAMP?
Change Component Designator: Old Designator=R1 New Designator=R?
Change Component Designator: Old Designator=R2 New Designator=R?
Change Component Designator: Old Designator=R3 New Designator=R?
Change Component Designator: Old Designator=R4 New Designator=R?
Change Component Designator: Old Designator=R5 New Designator=R?
Change Component Designator: Old Designator=R6 New Designator=R?
Change Component Designator: Old Designator=R7 New Designator=R?
Change Component Designator: Old Designator=R8 New Designator=R?
